<?xml version="1.0" encoding="UTF-8"?>
<!-- Generated by org.testng.reporters.JUnitXMLReporter -->
<testsuite hostname="IBM415-PC0GK30Y" ignored="0" name="FREE CRM Application Test" tests="5" failures="0" timestamp="10 Jan 2019 07:55:46 GMT" time="87.01" errors="0">
  <testcase name="loginPageTitleTest" time="0.043" classname="com.crm.qa.testcases.LoginPageTest"/>
  <testcase name="loginTest" time="9.192" classname="com.crm.qa.testcases.LoginPageTest"/>
  <testcase name="verifyContactsLinkTest" time="1.452" classname="com.crm.qa.testcases.HomePageTest"/>
  <testcase name="verifyHomePageTitleTest" time="0.017" classname="com.crm.qa.testcases.HomePageTest"/>
  <testcase name="verifyContactsPageLabel" time="0.033" classname="com.crm.qa.testcases.ContactsPageTest"/>
</testsuite> <!-- FREE CRM Application Test -->
